<?xml version="1.0" encoding="UTF-8"?>
<!-- Generated by org.testng.reporters.JUnitReportReporter -->
<testsuite hostname="DAC37" failures="0" tests="4" name="com.testng.NewTest1" time="0.004" errors="0" timestamp="2024-12-24T15:04:09 IST" skipped="0">
  <testcase classname="com.testng.NewTest1" name="home" time="0.001"/>
  <system-out/>
  <testcase classname="com.testng.NewTest1" name="login" time="0.001"/>
  <system-out/>
  <testcase classname="com.testng.NewTest1" name="logout" time="0.000"/>
  <system-out/>
  <testcase classname="com.testng.NewTest1" name="register" time="0.002"/>
  <system-out/>
</testsuite> <!-- com.testng.NewTest1 -->
