<?xml version="1.0" encoding="UTF-8"?>
<testng-results ignored="0" total="1" passed="1" failed="0" skipped="0">
  <reporter-output>
  </reporter-output>
  <suite started-at="2024-12-24T15:40:13 IST" name="Suite" finished-at="2024-12-24T15:40:23 IST" duration-ms="10622">
    <groups>
    </groups>
    <test started-at="2024-12-24T15:40:13 IST" name="Test" finished-at="2024-12-24T15:40:23 IST" duration-ms="10622">
      <class name="com.testng.Login">
        <test-method is-config="true" signature="before()[pri:0, instance:com.testng.Login@222545dc]" started-at="2024-12-24T15:40:13 IST" name="before" finished-at="2024-12-24T15:40:14 IST" duration-ms="1233" status="PASS">
          <reporter-output>
          </reporter-output>
        </test-method> <!-- before -->
        <test-method signature="f(java.lang.String,java.lang.String)[pri:0, instance:com.testng.Login@222545dc]" started-at="2024-12-24T15:40:14 IST" name="f" finished-at="2024-12-24T15:40:18 IST" duration-ms="4201" status="PASS">
          <params>
            <param index="0">
              <value>
                <![CDATA[student]]>
              </value>
            </param>
            <param index="1">
              <value>
                <![CDATA[Password123]]>
              </value>
            </param>
          </params>
          <reporter-output>
          </reporter-output>
        </test-method> <!-- f -->
        <test-method is-config="true" signature="close()[pri:0, instance:com.testng.Login@222545dc]" started-at="2024-12-24T15:40:18 IST" name="close" finished-at="2024-12-24T15:40:23 IST" duration-ms="5171" status="PASS">
          <reporter-output>
          </reporter-output>
        </test-method> <!-- close -->
      </class> <!-- com.testng.Login -->
    </test> <!-- Test -->
  </suite> <!-- Suite -->
</testng-results>
